Aug 29, 2022 13:14:56.419 [0x7f9f5006fb38] INFO - Plex Tuner Service v1.0.0.0 - Docker Docker Container (LinuxServer.io) x86_64 - build: 
Aug 29, 2022 13:14:56.420 [0x7f9f5006fb38] INFO - Linux version: 5.4.0-125-generic (#141-Ubuntu SMP Wed Aug 10 13:42:03 UTC 2022), language: en-US
Aug 29, 2022 13:14:56.420 [0x7f9f5006fb38] INFO - Processor AMD FX(tm)-8350 Eight-Core Processor           
Aug 29, 2022 13:14:56.420 [0x7f9f5006fb38] INFO - /usr/lib/plexmediaserver/Plex Tuner Service /usr/lib/plexmediaserver/Resources/Tuner/Private /usr/lib/plexmediaserver/Resources/Tuner/Shared 1.28.1.6104-788f82488 32600
Aug 29, 2022 13:14:56.418 [0x7f9f519ea808] INFO - [I] broker_t::start...
Aug 29, 2022 13:14:56.423 [0x7f9f519ea808] INFO - [I] device_manager_t::init.
Aug 29, 2022 13:14:56.423 [0x7f9f519ea808] INFO - [I] device_manager_t::init. Initialize provider manager
Aug 29, 2022 13:14:56.423 [0x7f9f519ea808] INFO - [I] device_manager_t::init. Initialize all device auxes
Aug 29, 2022 13:14:56.423 [0x7f9f519ea808] INFO - [I] dvb_device_factory_t::get_aux_list
Aug 29, 2022 13:14:56.423 [0x7f9f519ea808] INFO - [I] tvbutler_aux_t::init
Aug 29, 2022 13:14:56.426 [0x7f9f519ea808] INFO - [I] web_server_t::start. Starting web server on port 32600
Aug 29, 2022 13:15:04.264 [0x7f9f4fd66b38] INFO - [I] web_service_t::process_device_discovery
Aug 29, 2022 13:15:04.264 [0x7f9f4fd66b38] INFO - [I] device_reactor_t::get_device_list ()
Aug 29, 2022 13:15:06.270 [0x7f9f4fd66b38] INFO - [I] SAT2IP - discover_satip_servers(): no servers found
Aug 29, 2022 13:15:06.691 [0x7f9f4fd66b38] INFO - [I] v4l::DeviceGetList_impl. getting v4l device list
Aug 29, 2022 13:15:06.697 [0x7f9f4fd66b38] INFO - [I] onetv_factory::DeviceGetListEx >>
Aug 29, 2022 13:15:06.697 [0x7f9f4fd66b38] WARN - [W] onetv_factory::DeviceGetListEx. libusb_init returned an error -99
Aug 29, 2022 17:44:04.146 [0x7f9f519ea808] INFO - Received SIGINT: Interrupt from keyboard.
Aug 29, 2022 17:44:04.183 [0x7f9f519ea808] INFO - [I] device_manager_t::term
Aug 29, 2022 17:44:04.183 [0x7f9f519ea808] INFO - [I] device_manager_t::term. Stop all devices
Aug 29, 2022 17:44:04.183 [0x7f9f519ea808] INFO - [I] device_manager_t::term. Shut down all device auxes
Aug 29, 2022 17:44:04.183 [0x7f9f519ea808] INFO - [I] tvbutler_aux_t::term
Aug 29, 2022 17:44:04.184 [0x7f9f519ea808] INFO - [I] web_server_t::stop. Web server is stopped
Aug 29, 2022 17:44:04.184 [0x7f9f519ea808] INFO - [I] device_manager_t::term
Aug 29, 2022 17:44:04.184 [0x7f9f519ea808] INFO - [I] device_manager_t::term. Stop all devices
Aug 29, 2022 17:44:04.184 [0x7f9f519ea808] INFO - [I] device_manager_t::term. Shut down all device auxes
Aug 29, 2022 17:44:04.184 [0x7f9f519ea808] INFO - [I] broker_t::shutdown. Shutdown is completed.
