2022-08-30 01:19:17,591 (7fe988412808) :  INFO (core:349) - Starting framework core - Version: 2.6.3, Build: 788f824 (Wed Aug 17 20:18:50 UTC 2022)
2022-08-30 01:19:17,591 (7fe988412808) :  DEBUG (core:361) - Using the elevated policy
2022-08-30 01:19:17,591 (7fe988412808) :  DEBUG (core:365) - Extending whitelist: ['cgi', 'tempfile']
2022-08-30 01:19:17,591 (7fe988412808) :  DEBUG (core:450) - Starting runtime component.
2022-08-30 01:19:17,594 (7fe988412808) :  DEBUG (core:450) - Starting caching component.
2022-08-30 01:19:17,595 (7fe988412808) :  DEBUG (core:450) - Starting data component.
2022-08-30 01:19:17,595 (7fe988412808) :  DEBUG (core:450) - Starting networking component.
2022-08-30 01:19:17,597 (7fe988412808) :  DEBUG (networking:261) - Loaded HTTP cookies
2022-08-30 01:19:17,597 (7fe988412808) :  DEBUG (networking:428) - Setting the default network timeout to 20.0
2022-08-30 01:19:17,599 (7fe988412808) :  DEBUG (core:450) - Starting localization component.
2022-08-30 01:19:17,600 (7fe988412808) :  INFO (localization:409) - Setting the default locale to en-us
2022-08-30 01:19:17,600 (7fe988412808) :  WARNING (data:179) - Error decoding with simplejson, using demjson instead (this will cause a performance hit) - Expecting property name enclosed in double quotes: line 26 column 1 (char 1078)
2022-08-30 01:19:17,604 (7fe988412808) :  DEBUG (localization:427) - Loaded en strings
2022-08-30 01:19:17,604 (7fe988412808) :  DEBUG (core:450) - Starting messaging component.
2022-08-30 01:19:17,604 (7fe988412808) :  DEBUG (core:450) - Starting debugging component.
2022-08-30 01:19:17,605 (7fe988412808) :  DEBUG (core:450) - Starting services component.
2022-08-30 01:19:17,605 (7fe988412808) :  DEBUG (core:450) - Starting myplex component.
2022-08-30 01:19:17,605 (7fe988412808) :  DEBUG (core:450) - Starting notifications component.
2022-08-30 01:19:17,773 (7fe988412808) :  DEBUG (accessor:68) - Creating a new model access point for provider com.plexapp.system in namespace 'metadata'
2022-08-30 01:19:17,787 (7fe985086b38) :  DEBUG (services:265) - Plug-in is not daemonized - loading services from system
2022-08-30 01:19:17,787 (7fe988412808) :  DEBUG (runtime:1117) - Created a thread named 'load_all_services'
2022-08-30 01:19:17,789 (7fe985086b38) :  DEBUG (networking:143) - Requesting 'http://127.0.0.1:32400/:/plugins/com.plexapp.system/messaging/function/X0J1bmRsZVNlcnZpY2U6QWxsU2VydmljZXM_/Y2VyZWFsMQoxCmxpc3QKMApyMAo_/Y2VyZWFsMQoxCmRpY3QKMApyMAo_'
2022-08-30 01:19:17,790 (7fe988412808) :  DEBUG (runtime:1117) - Created a thread named 'get_server_info'
2022-08-30 01:19:17,792 (7fe988412808) :  DEBUG (core:150) - Finished starting framework core
2022-08-30 01:19:17,792 (7fe985040b38) :  DEBUG (networking:143) - Requesting 'http://127.0.0.1:32400'
2022-08-30 01:19:17,795 (7fe988412808) :  DEBUG (core:560) - Loading plug-in code
2022-08-30 01:19:17,822 (7fe988412808) :  DEBUG (core:566) - Finished loading plug-in code
2022-08-30 01:19:17,822 (7fe988412808) :  DEBUG (runtime:640) - Adding a prefix handler for 'System' ('/system')
2022-08-30 01:19:18,618 (7fe988412808) :  INFO (__init__:35) - Starting System 788f824 (Wed Aug 17 20:18:50 UTC 2022)
2022-08-30 01:19:18,618 (7fe988412808) :  DEBUG (runtime:640) - Adding a prefix handler for 'Player' ('/player')
2022-08-30 01:19:18,626 (7fe988412808) :  INFO (datakit:93) - Loaded the dictionary file
2022-08-30 01:19:18,627 (7fe988412808) :  DEBUG (agentservice:52) - Starting the agent service
2022-08-30 01:19:18,789 (7fe988412808) :  DEBUG (accessor:68) - Creating a new model access point for provider com.plexapp.system in namespace 'metadata'
2022-08-30 01:19:18,798 (7fe988412808) :  DEBUG (bundleservice:65) - Starting the bundle service
2022-08-30 01:19:18,799 (7fe988412808) :  DEBUG (runtime:1117) - Created a thread named 'start'
2022-08-30 01:19:18,799 (7fe988412808) :  DEBUG (playerservice:12) - Starting the player service
2022-08-30 01:19:18,800 (7fe988412808) :  DEBUG (flagservice:13) - Starting the media flag service
2022-08-30 01:19:18,800 (7fe988412808) :  DEBUG (runtime:1117) - Created a thread named 'start'
2022-08-30 01:19:18,800 (7fe988412808) :  DEBUG (peerservice:141) - Starting the peer service
2022-08-30 01:19:18,803 (7fe984e1ab38) :  DEBUG (peerservice:164) - Fetching the current list of servers
2022-08-30 01:19:18,804 (7fe988412808) :  DEBUG (runtime:1117) - Created a thread named 'refresh_servers'
2022-08-30 01:19:18,806 (7fe988412808) :  DEBUG (runtime:1150) - Scheduled a timed thread named 'refresh_servers'
2022-08-30 01:19:18,806 (7fe984e1ab38) :  DEBUG (networking:143) - Requesting 'http://127.0.0.1:32400/servers'
2022-08-30 01:19:18,807 (7fe984e60b38) :  DEBUG (runtime:1117) - Created a thread named 'ensure_agent_info_exists_inner'
2022-08-30 01:19:18,807 (7fe988412808) :  DEBUG (streamservice:18) - Starting the stream service
2022-08-30 01:19:18,809 (7fe988412808) :  CRITICAL (runtime:709) - Private handlers are no longer supported; couldn't register <bound method StreamService.token_handler of <streamservice.StreamService object at 0x7fe985d99dd0>>
2022-08-30 01:19:18,811 (7fe988412808) :  DEBUG (runtime:1150) - Scheduled a timed thread named 'invalidation_timer'
2022-08-30 01:19:18,813 (7fe988412808) :  DEBUG (proxyservice:12) - Starting the proxy service
2022-08-30 01:19:18,815 (7fe984e60b38) :  DEBUG (runtime:1117) - Created a thread named 'ensure_agent_info_exists_inner'
2022-08-30 01:19:18,819 (7fe988412808) :  DEBUG (runtime:1117) - Created a thread named 'update_attribution_flags_inner'
2022-08-30 01:19:18,819 (7fe988412808) :  INFO (core:611) - Started plug-in
2022-08-30 01:19:18,820 (7fe988412808) :  DEBUG (socketinterface:160) - Starting socket server
2022-08-30 01:19:18,820 (7fe984e60b38) :  DEBUG (runtime:1117) - Created a thread named 'ensure_agent_info_exists_inner'
2022-08-30 01:19:18,822 (7fe988412808) :  DEBUG (runtime:1117) - Created a thread named 'start'
2022-08-30 01:19:18,822 (7fe988412808) :  INFO (socketinterface:184) - Socket server started on port 43971
2022-08-30 01:19:18,823 (7fe988412808) :  INFO (pipeinterface:25) - Entering run loop
2022-08-30 01:19:18,823 (7fe988412808) :  DEBUG (runtime:717) - Handling request GET /:/prefixes
2022-08-30 01:19:18,829 (7fe988412808) :  DEBUG (runtime:814) - Found route matching /:/prefixes
2022-08-30 01:19:18,829 (7fe984e60b38) :  DEBUG (runtime:1117) - Created a thread named 'ensure_agent_info_exists_inner'
2022-08-30 01:19:18,832 (7fe988412808) :  DEBUG (runtime:924) - Response: [200] MediaContainer, 486 bytes
2022-08-30 01:19:18,833 (7fe984e60b38) :  DEBUG (runtime:1117) - Created a thread named 'ensure_agent_info_exists_inner'
2022-08-30 01:19:18,836 (7fe984721b38) :  DEBUG (runtime:717) - Handling request GET /system/agents
2022-08-30 01:19:18,854 (7fe984e60b38) :  DEBUG (runtime:1117) - Created a thread named 'ensure_agent_info_exists_inner'
2022-08-30 01:19:18,871 (7fe985040b38) :  DEBUG (core:538) - Machine identifier is ebfc78bd1410c6bb7f24289ded5214cf8c2107fd
2022-08-30 01:19:18,873 (7fe985040b38) :  DEBUG (core:539) - Server version is 1.28.1.6104-788f82488
2022-08-30 01:19:18,873 (7fe984e60b38) :  DEBUG (runtime:1117) - Created a thread named 'ensure_agent_info_exists_inner'
2022-08-30 01:19:18,881 (7fe984721b38) :  DEBUG (runtime:814) - Found route matching /system/agents
2022-08-30 01:19:18,881 (7fe9843f3b38) :  DEBUG (runtime:717) - Handling request GET /:/plugins/com.plexapp.system/messaging/function/X0J1bmRsZVNlcnZpY2U6QWxsU2VydmljZXM_/Y2VyZWFsMQoxCmxpc3QKMApyMAo_/Y2VyZWFsMQoxCmRpY3QKMApyMAo_
2022-08-30 01:19:18,882 (7fe984e1ab38) :  DEBUG (peerservice:171) - Refreshing local server
2022-08-30 01:19:18,888 (7fe984e1ab38) :  DEBUG (peerservice:189) - Updating servers (True/False True/True/True)
2022-08-30 01:19:18,893 (7fe984e1ab38) :  DEBUG (peerservice:198) - Found 1 servers
2022-08-30 01:19:18,894 (7fe984e1ab38) :  DEBUG (peerservice:230) - Creating new server 56b0f91125c8 (ebfc78bd1410c6bb7f24289ded5214cf8c2107fd)
2022-08-30 01:19:18,895 (7fe984e1ab38) :  DEBUG (networking:143) - Requesting 'http://127.0.0.1:32400/library/sections'
2022-08-30 01:19:18,901 (7fe984e60b38) :  DEBUG (runtime:1117) - Created a thread named 'ensure_agent_info_exists_inner'
2022-08-30 01:19:18,904 (7fe984e1ab38) :  DEBUG (networking:143) - Requesting 'http://127.0.0.1:32400/channels/all'
2022-08-30 01:19:18,923 (7fe984e60b38) :  DEBUG (runtime:1117) - Created a thread named 'ensure_agent_info_exists_inner'
2022-08-30 01:19:18,923 (7fe984e1ab38) :  DEBUG (runtime:1117) - Created a thread named 'background_refresh'
2022-08-30 01:19:18,923 (7fe985040b38) :  DEBUG (peerservice:176) - Background-refreshing remote servers
2022-08-30 01:19:18,924 (7fe985040b38) :  DEBUG (peerservice:189) - Updating servers (True/False True/True/True)
2022-08-30 01:19:18,925 (7fe985040b38) :  DEBUG (peerservice:198) - Found 1 servers
2022-08-30 01:19:18,927 (7fe985040b38) :  DEBUG (peerservice:233) - Updating existing server 56b0f91125c8 (ebfc78bd1410c6bb7f24289ded5214cf8c2107fd)
2022-08-30 01:19:18,928 (7fe984e60b38) :  INFO (bundleservice:131) - Found duplicate identifier at /usr/lib/plexmediaserver/Resources/Plug-ins-788f82488/WebClient.bundle for bundled plugin (com.plexapp.plugins.webclient), ignoring duplicate plugin.
2022-08-30 01:19:18,931 (7fe9843f3b38) :  DEBUG (runtime:814) - Found route matching /:/plugins/com.plexapp.system/messaging/function/X0J1bmRsZVNlcnZpY2U6QWxsU2VydmljZXM_/Y2VyZWFsMQoxCmxpc3QKMApyMAo_/Y2VyZWFsMQoxCmRpY3QKMApyMAo_
2022-08-30 01:19:18,932 (7fe985040b38) :  DEBUG (networking:143) - Requesting 'http://127.0.0.1:32400/library/sections'
2022-08-30 01:19:18,935 (7fe984e60b38) :  DEBUG (runtime:1117) - Created a thread named 'ensure_agent_info_exists_inner'
2022-08-30 01:19:18,937 (7fe984e60b38) :  DEBUG (runtime:1117) - Created a thread named 'ensure_agent_info_exists_inner'
2022-08-30 01:19:18,940 (7fe985040b38) :  DEBUG (networking:143) - Requesting 'http://127.0.0.1:32400/channels/all'
2022-08-30 01:19:18,941 (7fe984e60b38) :  DEBUG (runtime:1117) - Created a thread named 'ensure_agent_info_exists_inner'
2022-08-30 01:19:18,942 (7fe984e60b38) :  INFO (bundleservice:131) - Found duplicate identifier at /usr/lib/plexmediaserver/Resources/Plug-ins-788f82488/TheTVDBv4.bundle for bundled plugin (com.plexapp.agents.thetvdb), ignoring duplicate plugin.
2022-08-30 01:19:18,944 (7fe984e60b38) :  DEBUG (runtime:1117) - Created a thread named 'ensure_agent_info_exists_inner'
2022-08-30 01:19:18,946 (7fe984e60b38) :  DEBUG (runtime:1117) - Created a thread named 'ensure_agent_info_exists_inner'
2022-08-30 01:19:18,948 (7fe984e60b38) :  DEBUG (runtime:1117) - Created a thread named 'ensure_agent_info_exists_inner'
2022-08-30 01:19:18,949 (7fe984e60b38) :  DEBUG (runtime:1117) - Created a thread named 'ensure_agent_info_exists_inner'
2022-08-30 01:19:18,951 (7fe984e60b38) :  DEBUG (runtime:1117) - Created a thread named 'ensure_agent_info_exists_inner'
2022-08-30 01:19:18,951 (7fe984e60b38) :  DEBUG (runtime:1117) - Created a thread named 'remove_unavailable_agents'
2022-08-30 01:19:18,952 (7fe984e60b38) :  DEBUG (bundleservice:81) - Started the bundle service
2022-08-30 01:19:18,956 (7fe9843f3b38) :  DEBUG (runtime:88) - Sending packed state data (99 bytes)
2022-08-30 01:19:18,961 (7fe984e3db38) :  DEBUG (flagservice:46) - Started the media flag service
2022-08-30 01:19:18,962 (7fe9843f3b38) :  DEBUG (runtime:924) - Response: [200] str, 516 bytes
2022-08-30 01:19:18,970 (7fe985086b38) :  DEBUG (services:362) - Loaded services
2022-08-30 01:19:18,980 (7fe985063b38) :  DEBUG (services:438) - No shared code to load
2022-08-30 01:19:18,988 (7fe984721b38) :  DEBUG (runtime:1117) - Created a thread named 'ensure_agent_info_exists_inner'
2022-08-30 01:19:19,008 (7fe984721b38) :  DEBUG (runtime:924) - Response: [200] MediaContainer, 11288 bytes
2022-08-30 01:19:19,011 (7fe984779b38) :  INFO (agentservice:129) - Agent info: {'com.plexapp.agents.fanarttv': [{'media_types': ['Movie'], 'primary_provider': False, 'fallback_agent': None, 'contributes_to': ['com.plexapp.agents.imdb', 'com.plexapp.agents.themoviedb'], 'has_attribution': True, 'languages': ['xn'], 'persist_stored_files': True, 'version': 0, 'accepts_from': None, 'prefs': True, 'name': 'Fanart.tv'}, {'media_types': ['TV_Show'], 'primary_provider': False, 'fallback_agent': None, 'contributes_to': ['com.plexapp.agents.thetvdb', 'com.plexapp.agents.themoviedb'], 'has_attribution': True, 'languages': ['xn'], 'persist_stored_files': True, 'version': 0, 'accepts_from': None, 'prefs': True, 'name': 'Fanart.tv'}, {'media_types': ['Artist'], 'primary_provider': False, 'fallback_agent': None, 'contributes_to': ['com.plexapp.agents.lastfm'], 'has_attribution': True, 'languages': ['xn'], 'persist_stored_files': True, 'version': 0, 'accepts_from': None, 'prefs': True, 'name': 'Fanart.tv'}, {'media_types': ['Album'], 'primary_provider': False, 'fallback_agent': None, 'contributes_to': ['com.plexapp.agents.lastfm'], 'has_attribution': True, 'languages': ['xn'], 'persist_stored_files': True, 'version': 0, 'accepts_from': None, 'prefs': True, 'name': 'Fanart.tv'}], 'com.plexapp.agents.none': [{'media_types': ['Movie'], 'primary_provider': True, 'fallback_agent': None, 'contributes_to': None, 'has_attribution': False, 'languages': ['xn'], 'persist_stored_files': True, 'version': 0, 'accepts_from': None, 'prefs': False, 'name': 'Personal Media'}, {'media_types': ['TV_Show'], 'primary_provider': True, 'fallback_agent': None, 'contributes_to': None, 'has_attribution': False, 'languages': ['xn'], 'persist_stored_files': True, 'version': 0, 'accepts_from': None, 'prefs': False, 'name': 'Personal Media Shows'}, {'media_types': ['Artist'], 'primary_provider': True, 'fallback_agent': None, 'contributes_to': None, 'has_attribution': False, 'languages': ['xn'], 'persist_stored_files': True, 'version': 0, 'accepts_from': None, 'prefs': False, 'name': 'Personal Media Artists'}, {'media_types': ['Album'], 'primary_provider': True, 'fallback_agent': None, 'contributes_to': None, 'has_attribution': False, 'languages': ['xn'], 'persist_stored_files': True, 'version': 0, 'accepts_from': None, 'prefs': False, 'name': 'Personal Media Albums'}, {'media_types': ['Photo'], 'primary_provider': True, 'fallback_agent': None, 'contributes_to': None, 'has_attribution': False, 'languages': ['en', 'ar', 'bg', 'ca', 'cs', 'cy', 'da', 'de', 'el', 'es', 'et', 'fa', 'fi', 'fr', 'he', 'hi', 'hr', 'ht', 'hu', 'id', 'it', 'ja', 'ko', 'lt', 'lv', 'ms', 'mt', 'nl', 'no', 'pl', 'pt', 'ro', 'ru', 'sk', 'sv', 'sl', 'sr', 'th', 'tr', 'uk', 'ur', 'vi', 'zh', 'xn'], 'persist_stored_files': True, 'version': 0, 'accepts_from': None, 'prefs': False, 'name': 'Photos'}], 'tv.plex.agents.music': [{'media_types': ['Artist'], 'primary_provider': True, 'fallback_agent': None, 'contributes_to': None, 'has_attribution': True, 'languages': ['en', 'ar', 'bg', 'zh', 'hr', 'cs', 'da', 'nl', 'fi', 'fr', 'de', 'el', 'hu', 'id', 'it', 'ja', 'ko', 'nn', 'pl', 'pt', 'ro', 'ru', 'sr', 'sk', 'es', 'sv', 'th', 'tr', 'vi', 'xx'], 'persist_stored_files': True, 'version': 0, 'accepts_from': None, 'prefs': True, 'name': 'Plex Music'}, {'media_types': ['Album'], 'primary_provider': True, 'fallback_agent': None, 'contributes_to': None, 'has_attribution': True, 'languages': ['en', 'ar', 'bg', 'zh', 'hr', 'cs', 'da', 'nl', 'fi', 'fr', 'de', 'el', 'hu', 'id', 'it', 'ja', 'ko', 'nn', 'pl', 'pt', 'ro', 'ru', 'sr', 'sk', 'es', 'sv', 'th', 'tr', 'vi', 'xx'], 'persist_stored_files': True, 'version': 0, 'accepts_from': None, 'prefs': True, 'name': 'Plex Music'}], 'com.plexapp.agents.htbackdrops': [{'media_types': ['Artist'], 'primary_provider': False, 'fallback_agent': None, 'contributes_to': ['com.plexapp.agents.lastfm'], 'has_attribution': True, 'languages': ['ab', 'aa', 'af', 'ak', 'sq', 'am', 'ar', 'an', 'hy', 'as', 'av', 'ae', 'ay', 'az', 'bm', 'ba', 'eu', 'be', 'bn', 'bh', 'bi', 'bs', 'pb', 'br', 'bg', 'my', 'ca', 'ch', 'ce', 'ny', 'zh', 'cu', 'cv', 'kw', 'co', 'cr', 'hr', 'cs', 'da', 'dv', 'nl', 'dz', 'en', 'eo', 'et', 'ee', 'fo', 'fj', 'fi', 'fr', 'fy', 'ff', 'gd', 'gl', 'lg', 'ka', 'de', 'el', 'gn', 'gu', 'ht', 'ha', 'he', 'hz', 'hi', 'ho', 'hu', 'is', 'io', 'ig', 'id', 'ia', 'ie', 'iu', 'ik', 'ga', 'it', 'ja', 'jv', 'kl', 'kn', 'kr', 'ks', 'kk', 'km', 'ki', 'rw', 'ky', 'kv', 'kg', 'ko', 'kj', 'ku', 'lo', 'la', 'lv', 'li', 'ln', 'lt', 'lu', 'lb', 'mk', 'mg', 'ms', 'ml', 'mt', 'gv', 'mi', 'mr', 'mh', 'mo', 'mn', 'na', 'nv', 'ng', 'ne', 'xn', 'nd', 'no', 'nb', 'nn', 'oc', 'oj', 'or', 'om', 'os', 'pi', 'pa', 'fa', 'pl', 'pt', 'ps', 'qu', 'rm', 'ro', 'rn', 'ru', 'se', 'sm', 'sg', 'sa', 'sc', 'sr', 'sn', 'ii', 'sd', 'si', 'sk', 'sl', 'so', 'st', 'nr', 'es', 'su', 'sw', 'ss', 'sv', 'tl', 'ty', 'tg', 'ta', 'tt', 'te', 'th', 'bo', 'ti', 'to', 'ts', 'tn', 'tr', 'tk', 'tw', 'ug', 'uk', 'ur', 'uz', 've', 'vi', 'vo', 'wa', 'cy', 'wo', 'xh', 'yi', 'yo', 'za', 'zu'], 'persist_stored_files': True, 'version': 0, 'accepts_from': None, 'prefs': False, 'name': 'Home Theater Backdrops'}], 'com.plexapp.agents.imdb': [{'media_types': ['Movie'], 'accepts_from': ['com.plexapp.agents.localmedia'], 'fallback_agent': None, 'contributes_to': ['com.plexapp.agents.themoviedb'], 'has_attribution': True, 'languages': ['en', 'sv', 'fr', 'es', 'nl', 'de', 'it', 'da', 'ar', 'ca', 'zh', 'cs', 'et', 'fi', 'el', 'he', 'hi', 'hu', 'id', 'ja', 'ko', 'lv', 'no', 'fa', 'pl', 'pt', 'ro', 'ru', 'sk', 'th', 'tr', 'uk', 'vi'], 'persist_stored_files': True, 'version': 0, 'primary_provider': True, 'prefs': True, 'name': 'Plex Movie'}], 'com.plexapp.agents.lyricfind': [{'media_types': ['Album'], 'primary_provider': False, 'fallback_agent': None, 'contributes_to': ['com.plexapp.agents.lastfm', 'tv.plex.agents.music', 'org.musicbrainz.agents.music'], 'has_attribution': True, 'languages': ['xn'], 'persist_stored_files': True, 'version': 0, 'accepts_from': None, 'prefs': False, 'name': 'LyricFind'}], 'com.plexapp.agents.thetvdb': [{'media_types': ['TV_Show'], 'primary_provider': True, 'fallback_agent': None, 'contributes_to': None, 'has_attribution': True, 'languages': ['en', 'fr', 'zh', 'sv', 'no', 'da', 'fi', 'nl', 'de', 'it', 'es', 'pl', 'hu', 'el', 'tr', 'ru', 'he', 'ja', 'pt', 'cs', 'ko', 'sl', 'hr'], 'persist_stored_files': True, 'version': 0, 'accepts_from': None, 'prefs': True, 'name': 'TheTVDB'}], 'tv.plex.agents.movie': [{'media_types': ['Movie'], 'primary_provider': True, 'fallback_agent': None, 'contributes_to': None, 'has_attribution': True, 'languages': [], 'persist_stored_files': True, 'version': 0, 'accepts_from': None, 'prefs': True, 'name': 'Plex Movie'}], 'tv.plex.agents.series': [{'media_types': ['TV_Show'], 'primary_provider': True, 'fallback_agent': None, 'contributes_to': None, 'has_attribution': True, 'languages': [], 'persist_stored_files': True, 'version': 0, 'accepts_from': None, 'prefs': True, 'name': 'Plex TV Series'}], 'com.plexapp.agents.plexthememusic': [{'media_types': ['TV_Show'], 'primary_provider': False, 'fallback_agent': None, 'contributes_to': ['com.plexapp.agents.thetvdb', 'com.plexapp.agents.thetvdbdvdorder', 'com.plexapp.agents.themoviedb'], 'has_attribution': False, 'languages': ['xn'], 'persist_stored_files': True, 'version': 0, 'accepts_from': None, 'prefs': False, 'name': 'Plex Theme Music'}], 'org.musicbrainz.agents.music': [{'media_types': ['Artist'], 'primary_provider': True, 'fallback_agent': None, 'contributes_to': None, 'has_attribution': True, 'languages': ['en', 'ar', 'bg', 'zh', 'hr', 'cs', 'da', 'nl', 'fi', 'fr', 'de', 'el', 'hu', 'id', 'it', 'ja', 'ko', 'nn', 'pl', 'pt', 'ro', 'ru', 'sr', 'sk', 'es', 'sv', 'th', 'tr', 'vi', 'xx'], 'persist_stored_files': True, 'version': 0, 'accepts_from': None, 'prefs': True, 'name': 'Musicbrainz'}, {'media_types': ['Album'], 'primary_provider': True, 'fallback_agent': None, 'contributes_to': None, 'has_attribution': True, 'languages': ['en', 'ar', 'bg', 'zh', 'hr', 'cs', 'da', 'nl', 'fi', 'fr', 'de', 'el', 'hu', 'id', 'it', 'ja', 'ko', 'nn', 'pl', 'pt', 'ro', 'ru', 'sr', 'sk', 'es', 'sv', 'th', 'tr', 'vi', 'xx'], 'persist_stored_files': True, 'version': 0, 'accepts_from': None, 'prefs': True, 'name': 'Musicbrainz'}], 'com.plexapp.agents.themoviedb': [{'media_types': ['Movie'], 'primary_provider': True, 'fallback_agent': None, 'contributes_to': None, 'has_attribution': True, 'languages': ['en', 'cs', 'da', 'de', 'el', 'es', 'fi', 'fr', 'he', 'hr', 'hu', 'it', 'lv', 'lt', 'nl', 'no', 'pl', 'pt', 'ru', 'sk', 'sv', 'th', 'tr', 'vi', 'zh', 'ko'], 'persist_stored_files': True, 'version': 0, 'accepts_from': ['com.plexapp.agents.localmedia'], 'prefs': True, 'name': 'The Movie Database'}, {'media_types': ['TV_Show'], 'primary_provider': True, 'fallback_agent': None, 'contributes_to': ['com.plexapp.agents.thetvdb'], 'has_attribution': True, 'languages': ['en', 'cs', 'da', 'de', 'el', 'es', 'fi', 'fr', 'he', 'hr', 'hu', 'it', 'lv', 'lt', 'nl', 'no', 'pl', 'pt', 'ru', 'sk', 'sv', 'th', 'tr', 'vi', 'zh', 'ko'], 'persist_stored_files': True, 'version': 0, 'accepts_from': ['com.plexapp.agents.localmedia', 'com.plexapp.agents.thetvdb'], 'prefs': True, 'name': 'The Movie Database'}], 'com.plexapp.agents.opensubtitles': [{'media_types': ['Movie'], 'primary_provider': False, 'fallback_agent': None, 'contributes_to': ['com.plexapp.agents.imdb'], 'has_attribution': False, 'languages': ['xn'], 'persist_stored_files': True, 'version': 0, 'accepts_from': None, 'prefs': True, 'name': 'OpenSubtitles.org'}, {'media_types': ['TV_Show'], 'primary_provider': False, 'fallback_agent': None, 'contributes_to': ['com.plexapp.agents.thetvdb'], 'has_attribution': False, 'languages': ['xn'], 'persist_stored_files': True, 'version': 0, 'accepts_from': None, 'prefs': True, 'name': 'OpenSubtitles.org'}], 'com.plexapp.agents.movieposterdb': [{'media_types': ['Movie'], 'primary_provider': False, 'fallback_agent': None, 'contributes_to': ['com.plexapp.agents.imdb'], 'has_attribution': True, 'languages': ['xn'], 'persist_stored_files': True, 'version': 0, 'accepts_from': None, 'prefs': False, 'name': 'CineMaterial'}], 'com.plexapp.agents.localmedia': [{'media_types': ['Movie'], 'primary_provider': False, 'fallback_agent': None, 'contributes_to': ['com.plexapp.agents.imdb', 'com.plexapp.agents.none'], 'has_attribution': False, 'languages': ['xn'], 'persist_stored_files': False, 'version': 0, 'accepts_from': None, 'prefs': True, 'name': 'Local Media Assets (Movies)'}, {'media_types': ['TV_Show'], 'primary_provider': False, 'fallback_agent': None, 'contributes_to': ['com.plexapp.agents.thetvdb', 'com.plexapp.agents.none'], 'has_attribution': False, 'languages': ['xn'], 'persist_stored_files': False, 'version': 0, 'accepts_from': None, 'prefs': True, 'name': 'Local Media Assets (TV)'}, {'media_types': ['Artist'], 'primary_provider': False, 'fallback_agent': None, 'contributes_to': ['com.plexapp.agents.discogs', 'com.plexapp.agents.lastfm', 'com.plexapp.agents.plexmusic', 'com.plexapp.agents.none', 'tv.plex.agents.music', 'org.musicbrainz.agents.music'], 'has_attribution': False, 'languages': ['xn'], 'persist_stored_files': False, 'version': 0, 'accepts_from': None, 'prefs': True, 'name': 'Local Media Assets (Artists)'}, {'media_types': ['Artist'], 'primary_provider': False, 'fallback_agent': None, 'contributes_to': ['com.plexapp.agents.plexmusic'], 'has_attribution': False, 'languages': ['xn'], 'persist_stored_files': False, 'version': 2, 'accepts_from': None, 'prefs': True, 'name': 'Local Media Assets (Artists)'}, {'media_types': ['Album'], 'primary_provider': False, 'fallback_agent': None, 'contributes_to': ['com.plexapp.agents.discogs', 'com.plexapp.agents.lastfm', 'com.plexapp.agents.plexmusic', 'com.plexapp.agents.none', 'tv.plex.agents.music', 'org.musicbrainz.agents.music'], 'has_attribution': False, 'languages': ['xn'], 'persist_stored_files': False, 'version': 0, 'accepts_from': None, 'prefs': True, 'name': 'Local Media Assets (Albums)'}], 'com.plexapp.agents.lastfm': [{'media_types': ['Artist'], 'primary_provider': True, 'fallback_agent': None, 'contributes_to': None, 'has_attribution': True, 'languages': ['en', 'sv', 'fr', 'es', 'de', 'pl', 'it', 'pt', 'ja', 'tr', 'ru', 'zh'], 'persist_stored_files': True, 'version': 0, 'accepts_from': None, 'prefs': True, 'name': 'Last.fm'}, {'media_types': ['Album'], 'primary_provider': True, 'fallback_agent': None, 'contributes_to': None, 'has_attribution': True, 'languages': ['en', 'sv', 'fr', 'es', 'de', 'pl', 'it', 'pt', 'ja', 'tr', 'ru', 'zh'], 'persist_stored_files': True, 'version': 0, 'accepts_from': None, 'prefs': True, 'name': 'Last.fm'}]}
2022-08-30 01:19:19,025 (7fe984779b38) :  INFO (datakit:131) - Saved the dictionary file
2022-08-30 01:19:19,026 (7fe984e1ab38) :  DEBUG (runtime:1117) - Created a thread named 'ensure_agent_info_exists_inner'
2022-08-30 01:19:19,993 (7fe984e4cb38) :  DEBUG (runtime:717) - Handling request GET /system/messaging/clear_events/com.plexapp.agents.imdb
2022-08-30 01:19:20,030 (7fe984e4cb38) :  DEBUG (runtime:814) - Found route matching /system/messaging/clear_events/com.plexapp.agents.imdb
2022-08-30 01:19:20,031 (7fe984e4cb38) :  DEBUG (runtime:88) - Sending packed state data (99 bytes)
2022-08-30 01:19:20,031 (7fe984e4cb38) :  DEBUG (runtime:924) - Response: [200] str, 0 bytes
2022-08-30 01:19:20,165 (7fe984e4cb38) :  DEBUG (runtime:717) - Handling request GET /:/plugins/com.plexapp.system/resourceHashes
2022-08-30 01:19:20,169 (7fe984e4cb38) :  DEBUG (runtime:814) - Found route matching /:/plugins/com.plexapp.system/resourceHashes
2022-08-30 01:19:20,170 (7fe984e4cb38) :  DEBUG (networking:143) - Requesting 'http://resources-cdn.plexapp.com/hashes.json'
2022-08-30 01:19:20,517 (7fe984e4cb38) :  ERROR (networking:196) - Error opening URL 'http://resources-cdn.plexapp.com/hashes.json'
2022-08-30 01:19:20,521 (7fe984e4cb38) :  CRITICAL (runtime:1299) - Exception getting hosted resource hashes (most recent call last):
  File "/usr/lib/plexmediaserver/Resources/Plug-ins-788f82488/Framework.bundle/Contents/Resources/Versions/2/Python/Framework/components/runtime.py", line 1291, in get_resource_hashes
    json = self._core.networking.http_request("http://resources-cdn.plexapp.com/hashes.json", timeout=5).content
  File "/usr/lib/plexmediaserver/Resources/Plug-ins-788f82488/Framework.bundle/Contents/Resources/Versions/2/Python/Framework/components/networking.py", line 242, in content
    return self.__str__()
  File "/usr/lib/plexmediaserver/Resources/Plug-ins-788f82488/Framework.bundle/Contents/Resources/Versions/2/Python/Framework/components/networking.py", line 220, in __str__
    self.load()
  File "/usr/lib/plexmediaserver/Resources/Plug-ins-788f82488/Framework.bundle/Contents/Resources/Versions/2/Python/Framework/components/networking.py", line 158, in load
    f = self._opener.open(req, timeout=self._timeout)
  File "/usr/lib/plexmediaserver/Resources/Python/python27.zip/urllib2.py", line 435, in open
    response = meth(req, response)
  File "/usr/lib/plexmediaserver/Resources/Python/python27.zip/urllib2.py", line 548, in http_response
    'http', request, response, code, msg, hdrs)
  File "/usr/lib/plexmediaserver/Resources/Python/python27.zip/urllib2.py", line 473, in error
    return self._call_chain(*args)
  File "/usr/lib/plexmediaserver/Resources/Python/python27.zip/urllib2.py", line 407, in _call_chain
    result = func(*args)
  File "/usr/lib/plexmediaserver/Resources/Python/python27.zip/urllib2.py", line 556, in http_error_default
    raise HTTPError(req.get_full_url(), code, msg, hdrs, fp)
HTTPError: HTTP Error 403: Forbidden

2022-08-30 01:19:20,523 (7fe984e4cb38) :  DEBUG (runtime:88) - Sending packed state data (99 bytes)
2022-08-30 01:19:20,523 (7fe984e4cb38) :  DEBUG (runtime:924) - Response: [404] NoneType, 0 bytes
2022-08-30 01:19:20,553 (7fe984e4cb38) :  DEBUG (runtime:717) - Handling request GET /:/plugins/com.plexapp.system/messaging/function/X0J1bmRsZVNlcnZpY2U6QWxsU2VydmljZXM_/Y2VyZWFsMQoxCmxpc3QKMApyMAo_/Y2VyZWFsMQoxCmRpY3QKMApyMAo_
2022-08-30 01:19:20,555 (7fe984e4cb38) :  DEBUG (runtime:49) - Received packed state data (80 bytes)
2022-08-30 01:19:20,556 (7fe984e4cb38) :  DEBUG (runtime:814) - Found route matching /:/plugins/com.plexapp.system/messaging/function/X0J1bmRsZVNlcnZpY2U6QWxsU2VydmljZXM_/Y2VyZWFsMQoxCmxpc3QKMApyMAo_/Y2VyZWFsMQoxCmRpY3QKMApyMAo_
2022-08-30 01:19:20,558 (7fe984e4cb38) :  DEBUG (runtime:88) - Sending packed state data (99 bytes)
2022-08-30 01:19:20,558 (7fe984e4cb38) :  DEBUG (runtime:924) - Response: [200] str, 516 bytes
2022-08-30 01:19:21,391 (7fe984e4cb38) :  DEBUG (runtime:717) - Handling request GET /:/plugins/com.plexapp.system/messaging/function/X0FnZW50U2VydmljZTpVcGRhdGVJbmZv/Y2VyZWFsMQoxCmxpc3QKMApyMAo_/Y2VyZWFsMQo3CmRpY3QKbGlzdApkaWN0Cmxpc3QKbGlzdApsaXN0Cmxpc3QKMgpzMjMKY29tLnBsZXhhcHAuYWdlbnRzLmltZGJzMTAKaWRlbnRpZmllcnIxCnMxMAphZ2VudF9pbmZvMQpyMgoxMApyMwpzMTEKbWVkaWFfdHlwZXNyNApzMTIKYWNjZXB0c19mcm9tbnMxNApmYWxsYmFja19hZ2VudHI1CnMxNApjb250cmlidXRlc190b3I2CnM5Cmxhbmd1YWdlc2IxczIwCnBlcnNpc3Rfc3RvcmVkX2ZpbGVzaTAKczcKdmVyc2lvbmIxczE2CnByaW1hcnlfcHJvdmlkZXJiMXM1CnByZWZzczEwClBsZXggTW92aWVzNApuYW1lMQpzNQpNb3ZpZTEKczI5CmNvbS5wbGV4YXBwLmFnZW50cy5sb2NhbG1lZGlhMQpzMjkKY29tLnBsZXhhcHAuYWdlbnRzLnRoZW1vdmllZGIzMwpzMgplbnMyCnN2czIKZnJzMgplc3MyCm5sczIKZGVzMgppdHMyCmRhczIKYXJzMgpjYXMyCnpoczIKY3NzMgpldHMyCmZpczIKZWxzMgpoZXMyCmhpczIKaHVzMgppZHMyCmphczIKa29zMgpsdnMyCm5vczIKZmFzMgpwbHMyCnB0czIKcm9zMgpydXMyCnNrczIKdGhzMgp0cnMyCnVrczIKdmlyMAo_
2022-08-30 01:19:21,393 (7fe984e4cb38) :  DEBUG (runtime:49) - Received packed state data (80 bytes)
2022-08-30 01:19:21,396 (7fe984e4cb38) :  DEBUG (runtime:814) - Found route matching /:/plugins/com.plexapp.system/messaging/function/X0FnZW50U2VydmljZTpVcGRhdGVJbmZv/Y2VyZWFsMQoxCmxpc3QKMApyMAo_/Y2VyZWFsMQo3CmRpY3QKbGlzdApkaWN0Cmxpc3QKbGlzdApsaXN0Cmxpc3QKMgpzMjMKY29tLnBsZXhhcHAuYWdlbnRzLmltZGJzMTAKaWRlbnRpZmllcnIxCnMxMAphZ2VudF9pbmZvMQpyMgoxMApyMwpzMTEKbWVkaWFfdHlwZXNyNApzMTIKYWNjZXB0c19mcm9tbnMxNApmYWxsYmFja19hZ2VudHI1CnMxNApjb250cmlidXRlc190b3I2CnM5Cmxhbmd1YWdlc2IxczIwCnBlcnNpc3Rfc3RvcmVkX2ZpbGVzaTAKczcKdmVyc2lvbmIxczE2CnByaW1hcnlfcHJvdmlkZXJiMXM1CnByZWZzczEwClBsZXggTW92aWVzNApuYW1lMQpzNQpNb3ZpZTEKczI5CmNvbS5wbGV4YXBwLmFnZW50cy5sb2NhbG1lZGlhMQpzMjkKY29tLnBsZXhhcHAuYWdlbnRzLnRoZW1vdmllZGIzMwpzMgplbnMyCnN2czIKZnJzMgplc3MyCm5sczIKZGVzMgppdHMyCmRhczIKYXJzMgpjYXMyCnpoczIKY3NzMgpldHMyCmZpczIKZWxzMgpoZXMyCmhpczIKaHVzMgppZHMyCmphczIKa29zMgpsdnMyCm5vczIKZmFzMgpwbHMyCnB0czIKcm9zMgpydXMyCnNrczIKdGhzMgp0cnMyCnVrczIKdmlyMAo_
2022-08-30 01:19:21,397 (7fe984e4cb38) :  INFO (agentservice:175) - Receiving agent info from com.plexapp.agents.imdb: [{'media_types': ['Movie'], 'primary_provider': True, 'fallback_agent': None, 'contributes_to': ['com.plexapp.agents.themoviedb'], 'languages': ['en', 'sv', 'fr', 'es', 'nl', 'de', 'it', 'da', 'ar', 'ca', 'zh', 'cs', 'et', 'fi', 'el', 'he', 'hi', 'hu', 'id', 'ja', 'ko', 'lv', 'no', 'fa', 'pl', 'pt', 'ro', 'ru', 'sk', 'th', 'tr', 'uk', 'vi'], 'persist_stored_files': True, 'version': 0, 'accepts_from': ['com.plexapp.agents.localmedia'], 'prefs': True, 'name': 'Plex Movie'}]
2022-08-30 01:19:21,400 (7fe984e4cb38) :  DEBUG (runtime:88) - Sending packed state data (99 bytes)
2022-08-30 01:19:21,400 (7fe984e4cb38) :  DEBUG (runtime:924) - Response: [200] str, 16 bytes
2022-08-30 01:19:23,842 (7fe984e4cb38) :  DEBUG (runtime:717) - Handling request GET /system/notify/serverUpdated?host=127.0.0.1
2022-08-30 01:19:23,845 (7fe984e4cb38) :  DEBUG (runtime:814) - Found route matching /system/notify/serverUpdated
2022-08-30 01:19:23,845 (7fe984e4cb38) :  DEBUG (peerservice:386) - Handling server update notification (127.0.0.1)
2022-08-30 01:19:23,846 (7fe984e4cb38) :  DEBUG (peerservice:189) - Updating servers (True/False True/True/True)
2022-08-30 01:19:23,847 (7fe984e4cb38) :  DEBUG (peerservice:164) - Fetching the current list of servers
2022-08-30 01:19:23,848 (7fe984e4cb38) :  DEBUG (networking:143) - Requesting 'http://127.0.0.1:32400/servers'
2022-08-30 01:19:23,852 (7fe984e4cb38) :  DEBUG (peerservice:198) - Found 1 servers
2022-08-30 01:19:23,853 (7fe984e4cb38) :  DEBUG (peerservice:214) - Ignoring ebfc78bd1410c6bb7f24289ded5214cf8c2107fd because host != 127.0.0.1 (172.19.0.2)
2022-08-30 01:19:23,853 (7fe984e4cb38) :  DEBUG (networking:143) - Requesting 'http://127.0.0.1:32400/library/sections'
2022-08-30 01:19:23,856 (7fe984e4cb38) :  DEBUG (networking:143) - Requesting 'http://127.0.0.1:32400/channels/all'
2022-08-30 01:19:23,860 (7fe984e4cb38) :  DEBUG (runtime:924) - Response: [200] str, 0 bytes
2022-08-30 01:19:24,005 (7fe985086b38) :  INFO (datakit:131) - Saved the dictionary file
2022-08-30 01:21:18,807 (7fe984df7b38) :  DEBUG (runtime:1156) - Starting timed thread named 'refresh_servers'
2022-08-30 01:21:18,808 (7fe984df7b38) :  DEBUG (peerservice:164) - Fetching the current list of servers
2022-08-30 01:21:18,809 (7fe984df7b38) :  DEBUG (networking:143) - Requesting 'http://127.0.0.1:32400/servers'
2022-08-30 01:21:18,813 (7fe984df7b38) :  DEBUG (peerservice:171) - Refreshing local server
2022-08-30 01:21:18,814 (7fe984df7b38) :  DEBUG (peerservice:189) - Updating servers (True/False True/True/True)
2022-08-30 01:21:18,814 (7fe984df7b38) :  DEBUG (peerservice:198) - Found 1 servers
2022-08-30 01:21:18,815 (7fe984df7b38) :  DEBUG (peerservice:233) - Updating existing server 56b0f91125c8 (ebfc78bd1410c6bb7f24289ded5214cf8c2107fd)
2022-08-30 01:21:18,816 (7fe984df7b38) :  DEBUG (networking:143) - Requesting 'http://127.0.0.1:32400/library/sections'
2022-08-30 01:21:18,819 (7fe984df7b38) :  DEBUG (networking:143) - Requesting 'http://127.0.0.1:32400/channels/all'
2022-08-30 01:21:18,822 (7fe98507eb38) :  DEBUG (peerservice:176) - Background-refreshing remote servers
2022-08-30 01:21:18,822 (7fe984df7b38) :  DEBUG (runtime:1117) - Created a thread named 'background_refresh'
2022-08-30 01:21:18,822 (7fe98507eb38) :  DEBUG (peerservice:189) - Updating servers (True/False True/True/True)
2022-08-30 01:21:18,823 (7fe98507eb38) :  DEBUG (peerservice:198) - Found 1 servers
2022-08-30 01:21:18,824 (7fe98507eb38) :  DEBUG (peerservice:233) - Updating existing server 56b0f91125c8 (ebfc78bd1410c6bb7f24289ded5214cf8c2107fd)
2022-08-30 01:21:18,825 (7fe98507eb38) :  DEBUG (networking:143) - Requesting 'http://127.0.0.1:32400/library/sections'
2022-08-30 01:21:18,829 (7fe98507eb38) :  DEBUG (networking:143) - Requesting 'http://127.0.0.1:32400/channels/all'
2022-08-30 02:19:18,811 (7fe984dd4b38) :  DEBUG (runtime:1156) - Starting timed thread named 'invalidation_timer'
